  ABK_1.1.4.cpp
d:\Работа\Алгоритм Брона-Кербоша\ABK_1.1.4\ABK_1.1.4\ABK_1.1.4\ABK_1.1.4.cpp(58,30): warning C4018: <: несоответствие типов со знаком и без знака
d:\Работа\Алгоритм Брона-Кербоша\ABK_1.1.4\ABK_1.1.4\ABK_1.1.4\ABK_1.1.4.cpp(60,31): warning C4018: <: несоответствие типов со знаком и без знака
d:\Работа\Алгоритм Брона-Кербоша\ABK_1.1.4\ABK_1.1.4\ABK_1.1.4\ABK_1.1.4.cpp(75,51): warning C4267: =: преобразование из "size_t" в "int"; возможна потеря данных
d:\Работа\Алгоритм Брона-Кербоша\ABK_1.1.4\ABK_1.1.4\ABK_1.1.4\ABK_1.1.4.cpp(121,13): warning C4244: инициализация: преобразование "double" в "int", возможна потеря данных
d:\Работа\Алгоритм Брона-Кербоша\ABK_1.1.4\ABK_1.1.4\ABK_1.1.4\ABK_1.1.4.cpp(259,14): warning C4244: инициализация: преобразование "double" в "int", возможна потеря данных
d:\Работа\Алгоритм Брона-Кербоша\ABK_1.1.4\ABK_1.1.4\ABK_1.1.4\ABK_1.1.4.cpp(270,21): warning C4477: "fprintf": в строке форматирования "%010d" требуется аргумент типа "int", но вариативный аргумент "1" имеет тип "__int64"
d:\Работа\Алгоритм Брона-Кербоша\ABK_1.1.4\ABK_1.1.4\ABK_1.1.4\ABK_1.1.4.cpp(270,21): message : рекомендуется использовать "%lld" в строке форматирования
d:\Работа\Алгоритм Брона-Кербоша\ABK_1.1.4\ABK_1.1.4\ABK_1.1.4\ABK_1.1.4.cpp(270,21): message : рекомендуется использовать "%Id" в строке форматирования
d:\Работа\Алгоритм Брона-Кербоша\ABK_1.1.4\ABK_1.1.4\ABK_1.1.4\ABK_1.1.4.cpp(270,21): message : рекомендуется использовать "%I64d" в строке форматирования
d:\Работа\Алгоритм Брона-Кербоша\ABK_1.1.4\ABK_1.1.4\ABK_1.1.4\ABK_1.1.4.cpp(271,16): warning C4244: инициализация: преобразование "double" в "int", возможна потеря данных
d:\Работа\Алгоритм Брона-Кербоша\ABK_1.1.4\ABK_1.1.4\ABK_1.1.4\ABK_1.1.4.cpp(422,13): warning C4244: инициализация: преобразование "double" в "int", возможна потеря данных
d:\Работа\Алгоритм Брона-Кербоша\ABK_1.1.4\ABK_1.1.4\ABK_1.1.4\ABK_1.1.4.cpp(432,13): warning C4244: инициализация: преобразование "double" в "int", возможна потеря данных
d:\Работа\Алгоритм Брона-Кербоша\ABK_1.1.4\ABK_1.1.4\ABK_1.1.4\ABK_1.1.4.cpp(442,13): warning C4244: инициализация: преобразование "double" в "int", возможна потеря данных
d:\Работа\Алгоритм Брона-Кербоша\ABK_1.1.4\ABK_1.1.4\ABK_1.1.4\ABK_1.1.4.cpp(453,13): warning C4244: инициализация: преобразование "double" в "int", возможна потеря данных
d:\Работа\Алгоритм Брона-Кербоша\ABK_1.1.4\ABK_1.1.4\ABK_1.1.4\ABK_1.1.4.cpp(463,13): warning C4244: инициализация: преобразование "double" в "int", возможна потеря данных
d:\Работа\Алгоритм Брона-Кербоша\ABK_1.1.4\ABK_1.1.4\ABK_1.1.4\ABK_1.1.4.cpp(473,13): warning C4244: инициализация: преобразование "double" в "int", возможна потеря данных
d:\Работа\Алгоритм Брона-Кербоша\ABK_1.1.4\ABK_1.1.4\ABK_1.1.4\ABK_1.1.4.cpp(485,2): warning C4551: в вызове функции отсутствует список аргументов
d:\Работа\Алгоритм Брона-Кербоша\ABK_1.1.4\ABK_1.1.4\ABK_1.1.4\ABK_1.1.4.cpp(589,13): warning C4244: аргумент: преобразование "time_t" в "unsigned int", возможна потеря данных
d:\Работа\Алгоритм Брона-Кербоша\ABK_1.1.4\ABK_1.1.4\ABK_1.1.4\ABK_1.1.4.cpp(591,31): warning C4018: <: несоответствие типов со знаком и без знака
d:\Работа\Алгоритм Брона-Кербоша\ABK_1.1.4\ABK_1.1.4\ABK_1.1.4\ABK_1.1.4.cpp(593,32): warning C4018: <: несоответствие типов со знаком и без знака
d:\Работа\Алгоритм Брона-Кербоша\ABK_1.1.4\ABK_1.1.4\ABK_1.1.4\ABK_1.1.4.cpp(621,27): warning C4018: <: несоответствие типов со знаком и без знака
d:\Работа\Алгоритм Брона-Кербоша\ABK_1.1.4\ABK_1.1.4\ABK_1.1.4\ABK_1.1.4.cpp(626,33): warning C4018: <: несоответствие типов со знаком и без знака
d:\Работа\Алгоритм Брона-Кербоша\ABK_1.1.4\ABK_1.1.4\ABK_1.1.4\ABK_1.1.4.cpp(983,21): warning C4244: =: преобразование "double" в "__int64", возможна потеря данных
d:\Работа\Алгоритм Брона-Кербоша\ABK_1.1.4\ABK_1.1.4\ABK_1.1.4\ABK_1.1.4.cpp(1835,18): warning C4244: =: преобразование "double" в "__int64", возможна потеря данных
d:\Работа\Алгоритм Брона-Кербоша\ABK_1.1.4\ABK_1.1.4\ABK_1.1.4\ABK_1.1.4.cpp(1842,21): warning C4244: =: преобразование "double" в "__int64", возможна потеря данных
d:\Работа\Алгоритм Брона-Кербоша\ABK_1.1.4\ABK_1.1.4\ABK_1.1.4\ABK_1.1.4.cpp(494,7): warning C4101: Buffer: неиспользованная локальная переменная
  Создание кода
  2 of 1470 functions ( 0.1%) were compiled, the rest were copied from previous compilation.
    1 functions were new in current compilation
    1 functions had inline decision re-evaluated but remain unchanged
  Создание кода завершено
  ABK_1.1.4.vcxproj -> D:\Работа\Алгоритм Брона-Кербоша\ABK_1.1.4\ABK_1.1.4\x64\Release\ABK_1.1.4.exe
