  ABK_1.1.4.cpp
D:\Работа\Алгоритм Брона-Кербоша\ABK_1.1.4\ABK_1.1.4\ABK_1.1.4\ABK_1.1.4.cpp(33,30): warning C4018: <: несоответствие типов со знаком и без знака
D:\Работа\Алгоритм Брона-Кербоша\ABK_1.1.4\ABK_1.1.4\ABK_1.1.4\ABK_1.1.4.cpp(35,31): warning C4018: <: несоответствие типов со знаком и без знака
D:\Работа\Алгоритм Брона-Кербоша\ABK_1.1.4\ABK_1.1.4\ABK_1.1.4\ABK_1.1.4.cpp(174,14): warning C4244: инициализация: преобразование "double" в "int", возможна потеря данных
D:\Работа\Алгоритм Брона-Кербоша\ABK_1.1.4\ABK_1.1.4\ABK_1.1.4\ABK_1.1.4.cpp(185,21): warning C4477: "fprintf": в строке форматирования "%010d" требуется аргумент типа "int", но вариативный аргумент "1" имеет тип "__int64"
D:\Работа\Алгоритм Брона-Кербоша\ABK_1.1.4\ABK_1.1.4\ABK_1.1.4\ABK_1.1.4.cpp(185,21): message : рекомендуется использовать "%lld" в строке форматирования
D:\Работа\Алгоритм Брона-Кербоша\ABK_1.1.4\ABK_1.1.4\ABK_1.1.4\ABK_1.1.4.cpp(185,21): message : рекомендуется использовать "%I64d" в строке форматирования
D:\Работа\Алгоритм Брона-Кербоша\ABK_1.1.4\ABK_1.1.4\ABK_1.1.4\ABK_1.1.4.cpp(186,16): warning C4244: инициализация: преобразование "double" в "int", возможна потеря данных
D:\Работа\Алгоритм Брона-Кербоша\ABK_1.1.4\ABK_1.1.4\ABK_1.1.4\ABK_1.1.4.cpp(336,13): warning C4244: инициализация: преобразование "double" в "int", возможна потеря данных
D:\Работа\Алгоритм Брона-Кербоша\ABK_1.1.4\ABK_1.1.4\ABK_1.1.4\ABK_1.1.4.cpp(346,13): warning C4244: инициализация: преобразование "double" в "int", возможна потеря данных
D:\Работа\Алгоритм Брона-Кербоша\ABK_1.1.4\ABK_1.1.4\ABK_1.1.4\ABK_1.1.4.cpp(356,13): warning C4244: инициализация: преобразование "double" в "int", возможна потеря данных
D:\Работа\Алгоритм Брона-Кербоша\ABK_1.1.4\ABK_1.1.4\ABK_1.1.4\ABK_1.1.4.cpp(367,13): warning C4244: инициализация: преобразование "double" в "int", возможна потеря данных
D:\Работа\Алгоритм Брона-Кербоша\ABK_1.1.4\ABK_1.1.4\ABK_1.1.4\ABK_1.1.4.cpp(377,13): warning C4244: инициализация: преобразование "double" в "int", возможна потеря данных
D:\Работа\Алгоритм Брона-Кербоша\ABK_1.1.4\ABK_1.1.4\ABK_1.1.4\ABK_1.1.4.cpp(387,13): warning C4244: инициализация: преобразование "double" в "int", возможна потеря данных
D:\Работа\Алгоритм Брона-Кербоша\ABK_1.1.4\ABK_1.1.4\ABK_1.1.4\ABK_1.1.4.cpp(399,2): warning C4551: в вызове функции отсутствует список аргументов
D:\Работа\Алгоритм Брона-Кербоша\ABK_1.1.4\ABK_1.1.4\ABK_1.1.4\ABK_1.1.4.cpp(488,13): warning C4244: аргумент: преобразование "time_t" в "unsigned int", возможна потеря данных
D:\Работа\Алгоритм Брона-Кербоша\ABK_1.1.4\ABK_1.1.4\ABK_1.1.4\ABK_1.1.4.cpp(490,31): warning C4018: <: несоответствие типов со знаком и без знака
D:\Работа\Алгоритм Брона-Кербоша\ABK_1.1.4\ABK_1.1.4\ABK_1.1.4\ABK_1.1.4.cpp(492,32): warning C4018: <: несоответствие типов со знаком и без знака
D:\Работа\Алгоритм Брона-Кербоша\ABK_1.1.4\ABK_1.1.4\ABK_1.1.4\ABK_1.1.4.cpp(520,27): warning C4018: <: несоответствие типов со знаком и без знака
D:\Работа\Алгоритм Брона-Кербоша\ABK_1.1.4\ABK_1.1.4\ABK_1.1.4\ABK_1.1.4.cpp(525,33): warning C4018: <: несоответствие типов со знаком и без знака
D:\Работа\Алгоритм Брона-Кербоша\ABK_1.1.4\ABK_1.1.4\ABK_1.1.4\ABK_1.1.4.cpp(578,21): warning C4477: "fprintf": в строке форматирования "%s" требуется аргумент типа "char *", но вариативный аргумент "1" имеет тип "std::string"
D:\Работа\Алгоритм Брона-Кербоша\ABK_1.1.4\ABK_1.1.4\ABK_1.1.4\ABK_1.1.4.cpp(764,22): warning C4018: <: несоответствие типов со знаком и без знака
D:\Работа\Алгоритм Брона-Кербоша\ABK_1.1.4\ABK_1.1.4\ABK_1.1.4\ABK_1.1.4.cpp(767,56): warning C4554: "<<": проверьте приоритет операторов на ошибки; для уточнения приоритета используйте скобки
D:\Работа\Алгоритм Брона-Кербоша\ABK_1.1.4\ABK_1.1.4\ABK_1.1.4\ABK_1.1.4.cpp(769,56): warning C4554: "<<": проверьте приоритет операторов на ошибки; для уточнения приоритета используйте скобки
D:\Работа\Алгоритм Брона-Кербоша\ABK_1.1.4\ABK_1.1.4\ABK_1.1.4\ABK_1.1.4.cpp(771,56): warning C4554: "<<": проверьте приоритет операторов на ошибки; для уточнения приоритета используйте скобки
D:\Работа\Алгоритм Брона-Кербоша\ABK_1.1.4\ABK_1.1.4\ABK_1.1.4\ABK_1.1.4.cpp(773,56): warning C4554: "<<": проверьте приоритет операторов на ошибки; для уточнения приоритета используйте скобки
D:\Работа\Алгоритм Брона-Кербоша\ABK_1.1.4\ABK_1.1.4\ABK_1.1.4\ABK_1.1.4.cpp(775,56): warning C4554: "<<": проверьте приоритет операторов на ошибки; для уточнения приоритета используйте скобки
D:\Работа\Алгоритм Брона-Кербоша\ABK_1.1.4\ABK_1.1.4\ABK_1.1.4\ABK_1.1.4.cpp(777,56): warning C4554: "<<": проверьте приоритет операторов на ошибки; для уточнения приоритета используйте скобки
D:\Работа\Алгоритм Брона-Кербоша\ABK_1.1.4\ABK_1.1.4\ABK_1.1.4\ABK_1.1.4.cpp(779,56): warning C4554: "<<": проверьте приоритет операторов на ошибки; для уточнения приоритета используйте скобки
D:\Работа\Алгоритм Брона-Кербоша\ABK_1.1.4\ABK_1.1.4\ABK_1.1.4\ABK_1.1.4.cpp(781,56): warning C4554: "<<": проверьте приоритет операторов на ошибки; для уточнения приоритета используйте скобки
D:\Работа\Алгоритм Брона-Кербоша\ABK_1.1.4\ABK_1.1.4\ABK_1.1.4\ABK_1.1.4.cpp(783,56): warning C4554: "<<": проверьте приоритет операторов на ошибки; для уточнения приоритета используйте скобки
D:\Работа\Алгоритм Брона-Кербоша\ABK_1.1.4\ABK_1.1.4\ABK_1.1.4\ABK_1.1.4.cpp(786,56): warning C4554: "<<": проверьте приоритет операторов на ошибки; для уточнения приоритета используйте скобки
D:\Работа\Алгоритм Брона-Кербоша\ABK_1.1.4\ABK_1.1.4\ABK_1.1.4\ABK_1.1.4.cpp(811,22): warning C4018: <: несоответствие типов со знаком и без знака
D:\Работа\Алгоритм Брона-Кербоша\ABK_1.1.4\ABK_1.1.4\ABK_1.1.4\ABK_1.1.4.cpp(814,56): warning C4554: "<<": проверьте приоритет операторов на ошибки; для уточнения приоритета используйте скобки
D:\Работа\Алгоритм Брона-Кербоша\ABK_1.1.4\ABK_1.1.4\ABK_1.1.4\ABK_1.1.4.cpp(816,56): warning C4554: "<<": проверьте приоритет операторов на ошибки; для уточнения приоритета используйте скобки
D:\Работа\Алгоритм Брона-Кербоша\ABK_1.1.4\ABK_1.1.4\ABK_1.1.4\ABK_1.1.4.cpp(818,56): warning C4554: "<<": проверьте приоритет операторов на ошибки; для уточнения приоритета используйте скобки
D:\Работа\Алгоритм Брона-Кербоша\ABK_1.1.4\ABK_1.1.4\ABK_1.1.4\ABK_1.1.4.cpp(820,56): warning C4554: "<<": проверьте приоритет операторов на ошибки; для уточнения приоритета используйте скобки
D:\Работа\Алгоритм Брона-Кербоша\ABK_1.1.4\ABK_1.1.4\ABK_1.1.4\ABK_1.1.4.cpp(822,56): warning C4554: "<<": проверьте приоритет операторов на ошибки; для уточнения приоритета используйте скобки
D:\Работа\Алгоритм Брона-Кербоша\ABK_1.1.4\ABK_1.1.4\ABK_1.1.4\ABK_1.1.4.cpp(824,56): warning C4554: "<<": проверьте приоритет операторов на ошибки; для уточнения приоритета используйте скобки
D:\Работа\Алгоритм Брона-Кербоша\ABK_1.1.4\ABK_1.1.4\ABK_1.1.4\ABK_1.1.4.cpp(826,56): warning C4554: "<<": проверьте приоритет операторов на ошибки; для уточнения приоритета используйте скобки
D:\Работа\Алгоритм Брона-Кербоша\ABK_1.1.4\ABK_1.1.4\ABK_1.1.4\ABK_1.1.4.cpp(828,56): warning C4554: "<<": проверьте приоритет операторов на ошибки; для уточнения приоритета используйте скобки
D:\Работа\Алгоритм Брона-Кербоша\ABK_1.1.4\ABK_1.1.4\ABK_1.1.4\ABK_1.1.4.cpp(830,56): warning C4554: "<<": проверьте приоритет операторов на ошибки; для уточнения приоритета используйте скобки
D:\Работа\Алгоритм Брона-Кербоша\ABK_1.1.4\ABK_1.1.4\ABK_1.1.4\ABK_1.1.4.cpp(832,56): warning C4554: "<<": проверьте приоритет операторов на ошибки; для уточнения приоритета используйте скобки
D:\Работа\Алгоритм Брона-Кербоша\ABK_1.1.4\ABK_1.1.4\ABK_1.1.4\ABK_1.1.4.cpp(855,22): warning C4018: <: несоответствие типов со знаком и без знака
D:\Работа\Алгоритм Брона-Кербоша\ABK_1.1.4\ABK_1.1.4\ABK_1.1.4\ABK_1.1.4.cpp(858,56): warning C4554: "<<": проверьте приоритет операторов на ошибки; для уточнения приоритета используйте скобки
D:\Работа\Алгоритм Брона-Кербоша\ABK_1.1.4\ABK_1.1.4\ABK_1.1.4\ABK_1.1.4.cpp(860,56): warning C4554: "<<": проверьте приоритет операторов на ошибки; для уточнения приоритета используйте скобки
D:\Работа\Алгоритм Брона-Кербоша\ABK_1.1.4\ABK_1.1.4\ABK_1.1.4\ABK_1.1.4.cpp(862,56): warning C4554: "<<": проверьте приоритет операторов на ошибки; для уточнения приоритета используйте скобки
D:\Работа\Алгоритм Брона-Кербоша\ABK_1.1.4\ABK_1.1.4\ABK_1.1.4\ABK_1.1.4.cpp(864,56): warning C4554: "<<": проверьте приоритет операторов на ошибки; для уточнения приоритета используйте скобки
D:\Работа\Алгоритм Брона-Кербоша\ABK_1.1.4\ABK_1.1.4\ABK_1.1.4\ABK_1.1.4.cpp(866,56): warning C4554: "<<": проверьте приоритет операторов на ошибки; для уточнения приоритета используйте скобки
D:\Работа\Алгоритм Брона-Кербоша\ABK_1.1.4\ABK_1.1.4\ABK_1.1.4\ABK_1.1.4.cpp(868,56): warning C4554: "<<": проверьте приоритет операторов на ошибки; для уточнения приоритета используйте скобки
D:\Работа\Алгоритм Брона-Кербоша\ABK_1.1.4\ABK_1.1.4\ABK_1.1.4\ABK_1.1.4.cpp(870,56): warning C4554: "<<": проверьте приоритет операторов на ошибки; для уточнения приоритета используйте скобки
D:\Работа\Алгоритм Брона-Кербоша\ABK_1.1.4\ABK_1.1.4\ABK_1.1.4\ABK_1.1.4.cpp(872,56): warning C4554: "<<": проверьте приоритет операторов на ошибки; для уточнения приоритета используйте скобки
D:\Работа\Алгоритм Брона-Кербоша\ABK_1.1.4\ABK_1.1.4\ABK_1.1.4\ABK_1.1.4.cpp(874,56): warning C4554: "<<": проверьте приоритет операторов на ошибки; для уточнения приоритета используйте скобки
D:\Работа\Алгоритм Брона-Кербоша\ABK_1.1.4\ABK_1.1.4\ABK_1.1.4\ABK_1.1.4.cpp(876,56): warning C4554: "<<": проверьте приоритет операторов на ошибки; для уточнения приоритета используйте скобки
D:\Работа\Алгоритм Брона-Кербоша\ABK_1.1.4\ABK_1.1.4\ABK_1.1.4\ABK_1.1.4.cpp(896,13): warning C4244: инициализация: преобразование "double" в "int", возможна потеря данных
D:\Работа\Алгоритм Брона-Кербоша\ABK_1.1.4\ABK_1.1.4\ABK_1.1.4\ABK_1.1.4.cpp(904,13): warning C4244: инициализация: преобразование "double" в "int", возможна потеря данных
D:\Работа\Алгоритм Брона-Кербоша\ABK_1.1.4\ABK_1.1.4\ABK_1.1.4\ABK_1.1.4.cpp(912,13): warning C4244: инициализация: преобразование "double" в "int", возможна потеря данных
D:\Работа\Алгоритм Брона-Кербоша\ABK_1.1.4\ABK_1.1.4\ABK_1.1.4\ABK_1.1.4.cpp(921,14): warning C4244: инициализация: преобразование "double" в "int", возможна потеря данных
D:\Работа\Алгоритм Брона-Кербоша\ABK_1.1.4\ABK_1.1.4\ABK_1.1.4\ABK_1.1.4.cpp(930,18): warning C4244: =: преобразование "double" в "__int64", возможна потеря данных
D:\Работа\Алгоритм Брона-Кербоша\ABK_1.1.4\ABK_1.1.4\ABK_1.1.4\ABK_1.1.4.cpp(937,21): warning C4244: =: преобразование "double" в "__int64", возможна потеря данных
  ABK_1.1.4.vcxproj -> D:\Работа\Алгоритм Брона-Кербоша\ABK_1.1.4\ABK_1.1.4\Debug\ABK_1.1.4.exe
