  ABK_1.1.4.cpp
d:\Работа\Алгоритм Брона-Кербоша\ABK_1.1.4\ABK_1.1.4\ABK_1.1.4\ABK_1.1.4.cpp(58,30): warning C4018: <: несоответствие типов со знаком и без знака
d:\Работа\Алгоритм Брона-Кербоша\ABK_1.1.4\ABK_1.1.4\ABK_1.1.4\ABK_1.1.4.cpp(60,31): warning C4018: <: несоответствие типов со знаком и без знака
d:\Работа\Алгоритм Брона-Кербоша\ABK_1.1.4\ABK_1.1.4\ABK_1.1.4\ABK_1.1.4.cpp(74,55): warning C4267: инициализация: преобразование из "size_t" в "int"; возможна потеря данных
d:\Работа\Алгоритм Брона-Кербоша\ABK_1.1.4\ABK_1.1.4\ABK_1.1.4\ABK_1.1.4.cpp(120,13): warning C4244: инициализация: преобразование "double" в "int", возможна потеря данных
d:\Работа\Алгоритм Брона-Кербоша\ABK_1.1.4\ABK_1.1.4\ABK_1.1.4\ABK_1.1.4.cpp(476,14): warning C4244: инициализация: преобразование "double" в "int", возможна потеря данных
d:\Работа\Алгоритм Брона-Кербоша\ABK_1.1.4\ABK_1.1.4\ABK_1.1.4\ABK_1.1.4.cpp(487,21): warning C4477: "fprintf": в строке форматирования "%010d" требуется аргумент типа "int", но вариативный аргумент "1" имеет тип "__int64"
d:\Работа\Алгоритм Брона-Кербоша\ABK_1.1.4\ABK_1.1.4\ABK_1.1.4\ABK_1.1.4.cpp(487,21): message : рекомендуется использовать "%lld" в строке форматирования
d:\Работа\Алгоритм Брона-Кербоша\ABK_1.1.4\ABK_1.1.4\ABK_1.1.4\ABK_1.1.4.cpp(487,21): message : рекомендуется использовать "%Id" в строке форматирования
d:\Работа\Алгоритм Брона-Кербоша\ABK_1.1.4\ABK_1.1.4\ABK_1.1.4\ABK_1.1.4.cpp(487,21): message : рекомендуется использовать "%I64d" в строке форматирования
d:\Работа\Алгоритм Брона-Кербоша\ABK_1.1.4\ABK_1.1.4\ABK_1.1.4\ABK_1.1.4.cpp(488,16): warning C4244: инициализация: преобразование "double" в "int", возможна потеря данных
d:\Работа\Алгоритм Брона-Кербоша\ABK_1.1.4\ABK_1.1.4\ABK_1.1.4\ABK_1.1.4.cpp(639,13): warning C4244: инициализация: преобразование "double" в "int", возможна потеря данных
d:\Работа\Алгоритм Брона-Кербоша\ABK_1.1.4\ABK_1.1.4\ABK_1.1.4\ABK_1.1.4.cpp(649,13): warning C4244: инициализация: преобразование "double" в "int", возможна потеря данных
d:\Работа\Алгоритм Брона-Кербоша\ABK_1.1.4\ABK_1.1.4\ABK_1.1.4\ABK_1.1.4.cpp(659,13): warning C4244: инициализация: преобразование "double" в "int", возможна потеря данных
d:\Работа\Алгоритм Брона-Кербоша\ABK_1.1.4\ABK_1.1.4\ABK_1.1.4\ABK_1.1.4.cpp(670,13): warning C4244: инициализация: преобразование "double" в "int", возможна потеря данных
d:\Работа\Алгоритм Брона-Кербоша\ABK_1.1.4\ABK_1.1.4\ABK_1.1.4\ABK_1.1.4.cpp(680,13): warning C4244: инициализация: преобразование "double" в "int", возможна потеря данных
d:\Работа\Алгоритм Брона-Кербоша\ABK_1.1.4\ABK_1.1.4\ABK_1.1.4\ABK_1.1.4.cpp(690,13): warning C4244: инициализация: преобразование "double" в "int", возможна потеря данных
d:\Работа\Алгоритм Брона-Кербоша\ABK_1.1.4\ABK_1.1.4\ABK_1.1.4\ABK_1.1.4.cpp(702,2): warning C4551: в вызове функции отсутствует список аргументов
d:\Работа\Алгоритм Брона-Кербоша\ABK_1.1.4\ABK_1.1.4\ABK_1.1.4\ABK_1.1.4.cpp(806,13): warning C4244: аргумент: преобразование "time_t" в "unsigned int", возможна потеря данных
d:\Работа\Алгоритм Брона-Кербоша\ABK_1.1.4\ABK_1.1.4\ABK_1.1.4\ABK_1.1.4.cpp(808,31): warning C4018: <: несоответствие типов со знаком и без знака
d:\Работа\Алгоритм Брона-Кербоша\ABK_1.1.4\ABK_1.1.4\ABK_1.1.4\ABK_1.1.4.cpp(810,32): warning C4018: <: несоответствие типов со знаком и без знака
d:\Работа\Алгоритм Брона-Кербоша\ABK_1.1.4\ABK_1.1.4\ABK_1.1.4\ABK_1.1.4.cpp(838,27): warning C4018: <: несоответствие типов со знаком и без знака
d:\Работа\Алгоритм Брона-Кербоша\ABK_1.1.4\ABK_1.1.4\ABK_1.1.4\ABK_1.1.4.cpp(843,33): warning C4018: <: несоответствие типов со знаком и без знака
d:\Работа\Алгоритм Брона-Кербоша\ABK_1.1.4\ABK_1.1.4\ABK_1.1.4\ABK_1.1.4.cpp(1148,21): warning C4244: =: преобразование "double" в "__int64", возможна потеря данных
d:\Работа\Алгоритм Брона-Кербоша\ABK_1.1.4\ABK_1.1.4\ABK_1.1.4\ABK_1.1.4.cpp(1348,18): warning C4244: =: преобразование "double" в "__int64", возможна потеря данных
d:\Работа\Алгоритм Брона-Кербоша\ABK_1.1.4\ABK_1.1.4\ABK_1.1.4\ABK_1.1.4.cpp(1355,21): warning C4244: =: преобразование "double" в "__int64", возможна потеря данных
d:\Работа\Алгоритм Брона-Кербоша\ABK_1.1.4\ABK_1.1.4\ABK_1.1.4\ABK_1.1.4.cpp(711,7): warning C4101: Buffer: неиспользованная локальная переменная
  ABK_1.1.4.vcxproj -> D:\Работа\Алгоритм Брона-Кербоша\ABK_1.1.4\ABK_1.1.4\x64\Debug\ABK_1.1.4.exe
